State 0:
          start ::= * classExpr
          classExpr ::= * LPAREN classExpr RPAREN
          classExpr ::= * LBRACE enum RBRACE
          classExpr ::= * propExpr ONLYSOME_OPERATOR LSQUAREBRACKET list RSQUAREBRACKET
          classExpr ::= * propExpr SOME_OPERATOR LSQUAREBRACKET list RSQUAREBRACKET
          classExpr ::= * propExpr ONLY_OPERATOR LSQUAREBRACKET list RSQUAREBRACKET
          classExpr ::= * classExpr AND_OPERATOR classExpr
          classExpr ::= * classExpr OR_OPERATOR classExpr
          classExpr ::= * propExpr SOME_OPERATOR classExpr
          classExpr ::= * NOT_OPERATOR classExpr
          classExpr ::= * propExpr ONLY_OPERATOR instExpr
          classExpr ::= * propExpr MIN_OPERATOR NUMERIC
          classExpr ::= * propExpr MAX_OPERATOR NUMERIC
          classExpr ::= * propExpr EXACTLY_OPERATOR NUMERIC
          classExpr ::= * propExpr VALUE_OPERATOR instExpr
          classExpr ::= * ALPHANUMERIC
          propExpr ::= * ALPHANUMERIC

                  NOT_OPERATOR shift  7
                        LPAREN shift  8
                        LBRACE shift  10
                  ALPHANUMERIC shift  15
                         start accept
                     classExpr shift  18
                      propExpr shift  14

State 1:
          classExpr ::= * LPAREN classExpr RPAREN
          classExpr ::= * LBRACE enum RBRACE
          classExpr ::= * propExpr ONLYSOME_OPERATOR LSQUAREBRACKET list RSQUAREBRACKET
          classExpr ::= propExpr ONLYSOME_OPERATOR LSQUAREBRACKET * list RSQUAREBRACKET
          classExpr ::= * propExpr SOME_OPERATOR LSQUAREBRACKET list RSQUAREBRACKET
          classExpr ::= * propExpr ONLY_OPERATOR LSQUAREBRACKET list RSQUAREBRACKET
          classExpr ::= * classExpr AND_OPERATOR classExpr
          classExpr ::= * classExpr OR_OPERATOR classExpr
          classExpr ::= * propExpr SOME_OPERATOR classExpr
          classExpr ::= * NOT_OPERATOR classExpr
          classExpr ::= * propExpr ONLY_OPERATOR instExpr
          classExpr ::= * propExpr MIN_OPERATOR NUMERIC
          classExpr ::= * propExpr MAX_OPERATOR NUMERIC
          classExpr ::= * propExpr EXACTLY_OPERATOR NUMERIC
          classExpr ::= * propExpr VALUE_OPERATOR instExpr
          classExpr ::= * ALPHANUMERIC
          propExpr ::= * ALPHANUMERIC
          list ::= * classExpr COMMA list
          list ::= * classExpr

                  NOT_OPERATOR shift  7
                        LPAREN shift  8
                        LBRACE shift  10
                  ALPHANUMERIC shift  15
                     classExpr shift  17
                      propExpr shift  14
                          list shift  20

State 2:
          classExpr ::= * LPAREN classExpr RPAREN
          classExpr ::= * LBRACE enum RBRACE
          classExpr ::= * propExpr ONLYSOME_OPERATOR LSQUAREBRACKET list RSQUAREBRACKET
          classExpr ::= * propExpr SOME_OPERATOR LSQUAREBRACKET list RSQUAREBRACKET
          classExpr ::= propExpr SOME_OPERATOR LSQUAREBRACKET * list RSQUAREBRACKET
          classExpr ::= * propExpr ONLY_OPERATOR LSQUAREBRACKET list RSQUAREBRACKET
          classExpr ::= * classExpr AND_OPERATOR classExpr
          classExpr ::= * classExpr OR_OPERATOR classExpr
          classExpr ::= * propExpr SOME_OPERATOR classExpr
          classExpr ::= * NOT_OPERATOR classExpr
          classExpr ::= * propExpr ONLY_OPERATOR instExpr
          classExpr ::= * propExpr MIN_OPERATOR NUMERIC
          classExpr ::= * propExpr MAX_OPERATOR NUMERIC
          classExpr ::= * propExpr EXACTLY_OPERATOR NUMERIC
          classExpr ::= * propExpr VALUE_OPERATOR instExpr
          classExpr ::= * ALPHANUMERIC
          propExpr ::= * ALPHANUMERIC
          list ::= * classExpr COMMA list
          list ::= * classExpr

                  NOT_OPERATOR shift  7
                        LPAREN shift  8
                        LBRACE shift  10
                  ALPHANUMERIC shift  15
                     classExpr shift  17
                      propExpr shift  14
                          list shift  23

State 3:
          classExpr ::= * LPAREN classExpr RPAREN
          classExpr ::= * LBRACE enum RBRACE
          classExpr ::= * propExpr ONLYSOME_OPERATOR LSQUAREBRACKET list RSQUAREBRACKET
          classExpr ::= * propExpr SOME_OPERATOR LSQUAREBRACKET list RSQUAREBRACKET
          classExpr ::= * propExpr ONLY_OPERATOR LSQUAREBRACKET list RSQUAREBRACKET
          classExpr ::= * classExpr AND_OPERATOR classExpr
          classExpr ::= * classExpr OR_OPERATOR classExpr
          classExpr ::= * propExpr SOME_OPERATOR classExpr
          classExpr ::= * NOT_OPERATOR classExpr
          classExpr ::= * propExpr ONLY_OPERATOR instExpr
          classExpr ::= * propExpr MIN_OPERATOR NUMERIC
          classExpr ::= * propExpr MAX_OPERATOR NUMERIC
          classExpr ::= * propExpr EXACTLY_OPERATOR NUMERIC
          classExpr ::= * propExpr VALUE_OPERATOR instExpr
          classExpr ::= * ALPHANUMERIC
          propExpr ::= * ALPHANUMERIC
          list ::= * classExpr COMMA list
          list ::= classExpr COMMA * list
          list ::= * classExpr

                  NOT_OPERATOR shift  7
                        LPAREN shift  8
                        LBRACE shift  10
                  ALPHANUMERIC shift  15
                     classExpr shift  17
                      propExpr shift  14
                          list shift  40

State 4:
          classExpr ::= * LPAREN classExpr RPAREN
          classExpr ::= * LBRACE enum RBRACE
          classExpr ::= * propExpr ONLYSOME_OPERATOR LSQUAREBRACKET list RSQUAREBRACKET
          classExpr ::= * propExpr SOME_OPERATOR LSQUAREBRACKET list RSQUAREBRACKET
          classExpr ::= * propExpr ONLY_OPERATOR LSQUAREBRACKET list RSQUAREBRACKET
          classExpr ::= propExpr ONLY_OPERATOR LSQUAREBRACKET * list RSQUAREBRACKET
          classExpr ::= * classExpr AND_OPERATOR classExpr
          classExpr ::= * classExpr OR_OPERATOR classExpr
          classExpr ::= * propExpr SOME_OPERATOR classExpr
          classExpr ::= * NOT_OPERATOR classExpr
          classExpr ::= * propExpr ONLY_OPERATOR instExpr
          classExpr ::= * propExpr MIN_OPERATOR NUMERIC
          classExpr ::= * propExpr MAX_OPERATOR NUMERIC
          classExpr ::= * propExpr EXACTLY_OPERATOR NUMERIC
          classExpr ::= * propExpr VALUE_OPERATOR instExpr
          classExpr ::= * ALPHANUMERIC
          propExpr ::= * ALPHANUMERIC
          list ::= * classExpr COMMA list
          list ::= * classExpr

                  NOT_OPERATOR shift  7
                        LPAREN shift  8
                        LBRACE shift  10
                  ALPHANUMERIC shift  15
                     classExpr shift  17
                      propExpr shift  14
                          list shift  19

State 5:
          classExpr ::= * LPAREN classExpr RPAREN
          classExpr ::= * LBRACE enum RBRACE
          classExpr ::= * propExpr ONLYSOME_OPERATOR LSQUAREBRACKET list RSQUAREBRACKET
          classExpr ::= * propExpr SOME_OPERATOR LSQUAREBRACKET list RSQUAREBRACKET
          classExpr ::= propExpr SOME_OPERATOR * LSQUAREBRACKET list RSQUAREBRACKET
          classExpr ::= * propExpr ONLY_OPERATOR LSQUAREBRACKET list RSQUAREBRACKET
          classExpr ::= * classExpr AND_OPERATOR classExpr
          classExpr ::= * classExpr OR_OPERATOR classExpr
          classExpr ::= * propExpr SOME_OPERATOR classExpr
          classExpr ::= propExpr SOME_OPERATOR * classExpr
          classExpr ::= * NOT_OPERATOR classExpr
          classExpr ::= * propExpr ONLY_OPERATOR instExpr
          classExpr ::= * propExpr MIN_OPERATOR NUMERIC
          classExpr ::= * propExpr MAX_OPERATOR NUMERIC
          classExpr ::= * propExpr EXACTLY_OPERATOR NUMERIC
          classExpr ::= * propExpr VALUE_OPERATOR instExpr
          classExpr ::= * ALPHANUMERIC
          propExpr ::= * ALPHANUMERIC

                  NOT_OPERATOR shift  7
                        LPAREN shift  8
                        LBRACE shift  10
                LSQUAREBRACKET shift  2
                  ALPHANUMERIC shift  15
                     classExpr shift  37
                      propExpr shift  14

State 6:
          classExpr ::= * LPAREN classExpr RPAREN
          classExpr ::= * LBRACE enum RBRACE
          classExpr ::= * propExpr ONLYSOME_OPERATOR LSQUAREBRACKET list RSQUAREBRACKET
          classExpr ::= * propExpr SOME_OPERATOR LSQUAREBRACKET list RSQUAREBRACKET
          classExpr ::= * propExpr ONLY_OPERATOR LSQUAREBRACKET list RSQUAREBRACKET
          classExpr ::= * classExpr AND_OPERATOR classExpr
          classExpr ::= classExpr AND_OPERATOR * classExpr
          classExpr ::= * classExpr OR_OPERATOR classExpr
          classExpr ::= * propExpr SOME_OPERATOR classExpr
          classExpr ::= * NOT_OPERATOR classExpr
          classExpr ::= * propExpr ONLY_OPERATOR instExpr
          classExpr ::= * propExpr MIN_OPERATOR NUMERIC
          classExpr ::= * propExpr MAX_OPERATOR NUMERIC
          classExpr ::= * propExpr EXACTLY_OPERATOR NUMERIC
          classExpr ::= * propExpr VALUE_OPERATOR instExpr
          classExpr ::= * ALPHANUMERIC
          propExpr ::= * ALPHANUMERIC

                  NOT_OPERATOR shift  7
                        LPAREN shift  8
                        LBRACE shift  10
                  ALPHANUMERIC shift  15
                     classExpr shift  31
                      propExpr shift  14

State 7:
          classExpr ::= * LPAREN classExpr RPAREN
          classExpr ::= * LBRACE enum RBRACE
          classExpr ::= * propExpr ONLYSOME_OPERATOR LSQUAREBRACKET list RSQUAREBRACKET
          classExpr ::= * propExpr SOME_OPERATOR LSQUAREBRACKET list RSQUAREBRACKET
          classExpr ::= * propExpr ONLY_OPERATOR LSQUAREBRACKET list RSQUAREBRACKET
          classExpr ::= * classExpr AND_OPERATOR classExpr
          classExpr ::= * classExpr OR_OPERATOR classExpr
          classExpr ::= * propExpr SOME_OPERATOR classExpr
          classExpr ::= * NOT_OPERATOR classExpr
          classExpr ::= NOT_OPERATOR * classExpr
          classExpr ::= * propExpr ONLY_OPERATOR instExpr
          classExpr ::= * propExpr MIN_OPERATOR NUMERIC
          classExpr ::= * propExpr MAX_OPERATOR NUMERIC
          classExpr ::= * propExpr EXACTLY_OPERATOR NUMERIC
          classExpr ::= * propExpr VALUE_OPERATOR instExpr
          classExpr ::= * ALPHANUMERIC
          propExpr ::= * ALPHANUMERIC

                  NOT_OPERATOR shift  7
                        LPAREN shift  8
                        LBRACE shift  10
                  ALPHANUMERIC shift  15
                     classExpr shift  35
                      propExpr shift  14

State 8:
          classExpr ::= * LPAREN classExpr RPAREN
          classExpr ::= LPAREN * classExpr RPAREN
          classExpr ::= * LBRACE enum RBRACE
          classExpr ::= * propExpr ONLYSOME_OPERATOR LSQUAREBRACKET list RSQUAREBRACKET
          classExpr ::= * propExpr SOME_OPERATOR LSQUAREBRACKET list RSQUAREBRACKET
          classExpr ::= * propExpr ONLY_OPERATOR LSQUAREBRACKET list RSQUAREBRACKET
          classExpr ::= * classExpr AND_OPERATOR classExpr
          classExpr ::= * classExpr OR_OPERATOR classExpr
          classExpr ::= * propExpr SOME_OPERATOR classExpr
          classExpr ::= * NOT_OPERATOR classExpr
          classExpr ::= * propExpr ONLY_OPERATOR instExpr
          classExpr ::= * propExpr MIN_OPERATOR NUMERIC
          classExpr ::= * propExpr MAX_OPERATOR NUMERIC
          classExpr ::= * propExpr EXACTLY_OPERATOR NUMERIC
          classExpr ::= * propExpr VALUE_OPERATOR instExpr
          classExpr ::= * ALPHANUMERIC
          propExpr ::= * ALPHANUMERIC

                  NOT_OPERATOR shift  7
                        LPAREN shift  8
                        LBRACE shift  10
                  ALPHANUMERIC shift  15
                     classExpr shift  16
                      propExpr shift  14

State 9:
          classExpr ::= * LPAREN classExpr RPAREN
          classExpr ::= * LBRACE enum RBRACE
          classExpr ::= * propExpr ONLYSOME_OPERATOR LSQUAREBRACKET list RSQUAREBRACKET
          classExpr ::= * propExpr SOME_OPERATOR LSQUAREBRACKET list RSQUAREBRACKET
          classExpr ::= * propExpr ONLY_OPERATOR LSQUAREBRACKET list RSQUAREBRACKET
          classExpr ::= * classExpr AND_OPERATOR classExpr
          classExpr ::= * classExpr OR_OPERATOR classExpr
          classExpr ::= classExpr OR_OPERATOR * classExpr
          classExpr ::= * propExpr SOME_OPERATOR classExpr
          classExpr ::= * NOT_OPERATOR classExpr
          classExpr ::= * propExpr ONLY_OPERATOR instExpr
          classExpr ::= * propExpr MIN_OPERATOR NUMERIC
          classExpr ::= * propExpr MAX_OPERATOR NUMERIC
          classExpr ::= * propExpr EXACTLY_OPERATOR NUMERIC
          classExpr ::= * propExpr VALUE_OPERATOR instExpr
          classExpr ::= * ALPHANUMERIC
          propExpr ::= * ALPHANUMERIC

                  NOT_OPERATOR shift  7
                        LPAREN shift  8
                        LBRACE shift  10
                  ALPHANUMERIC shift  15
                     classExpr shift  32
                      propExpr shift  14

State 10:
          classExpr ::= LBRACE * enum RBRACE
          enum ::= * instExpr enum
          enum ::= * instExpr
          instExpr ::= * ALPHANUMERIC

                  ALPHANUMERIC shift  28
                          enum shift  25
                      instExpr shift  11

State 11:
          enum ::= * instExpr enum
          enum ::= instExpr * enum
          enum ::= * instExpr
     (18) enum ::= instExpr *
          instExpr ::= * ALPHANUMERIC

                  ALPHANUMERIC shift  28
                          enum shift  36
                      instExpr shift  11
                     {default} reduce 18

State 12:
          classExpr ::= propExpr ONLY_OPERATOR * LSQUAREBRACKET list RSQUAREBRACKET
          classExpr ::= propExpr ONLY_OPERATOR * instExpr
          instExpr ::= * ALPHANUMERIC

                LSQUAREBRACKET shift  4
                  ALPHANUMERIC shift  28
                      instExpr shift  41

State 13:
          classExpr ::= propExpr VALUE_OPERATOR * instExpr
          instExpr ::= * ALPHANUMERIC

                  ALPHANUMERIC shift  28
                      instExpr shift  33

State 14:
          classExpr ::= propExpr * ONLYSOME_OPERATOR LSQUAREBRACKET list RSQUAREBRACKET
          classExpr ::= propExpr * SOME_OPERATOR LSQUAREBRACKET list RSQUAREBRACKET
          classExpr ::= propExpr * ONLY_OPERATOR LSQUAREBRACKET list RSQUAREBRACKET
          classExpr ::= propExpr * SOME_OPERATOR classExpr
          classExpr ::= propExpr * ONLY_OPERATOR instExpr
          classExpr ::= propExpr * MIN_OPERATOR NUMERIC
          classExpr ::= propExpr * MAX_OPERATOR NUMERIC
          classExpr ::= propExpr * EXACTLY_OPERATOR NUMERIC
          classExpr ::= propExpr * VALUE_OPERATOR instExpr

                  MIN_OPERATOR shift  24
                  MAX_OPERATOR shift  21
              EXACTLY_OPERATOR shift  22
                VALUE_OPERATOR shift  13
             ONLYSOME_OPERATOR shift  26
                 ONLY_OPERATOR shift  12
                 SOME_OPERATOR shift  5

State 15:
     (15) classExpr ::= ALPHANUMERIC *
     (16) propExpr ::= ALPHANUMERIC *

                             $ reduce 15
                  AND_OPERATOR reduce 15
                   OR_OPERATOR reduce 15
                        RPAREN reduce 15
                RSQUAREBRACKET reduce 15
                         COMMA reduce 15
                     {default} reduce 16

State 16:
          classExpr ::= LPAREN classExpr * RPAREN
          classExpr ::= classExpr * AND_OPERATOR classExpr
          classExpr ::= classExpr * OR_OPERATOR classExpr

                  AND_OPERATOR shift  6
                   OR_OPERATOR shift  9
                        RPAREN shift  39

State 17:
          classExpr ::= classExpr * AND_OPERATOR classExpr
          classExpr ::= classExpr * OR_OPERATOR classExpr
          list ::= classExpr * COMMA list
     (21) list ::= classExpr *

                  AND_OPERATOR shift  6
                   OR_OPERATOR shift  9
                         COMMA shift  3
                     {default} reduce 21

State 18:
      (0) start ::= classExpr *
          classExpr ::= classExpr * AND_OPERATOR classExpr
          classExpr ::= classExpr * OR_OPERATOR classExpr

                  AND_OPERATOR shift  6
                   OR_OPERATOR shift  9
                     {default} reduce 0

State 19:
          classExpr ::= propExpr ONLY_OPERATOR LSQUAREBRACKET list * RSQUAREBRACKET

                RSQUAREBRACKET shift  42

State 20:
          classExpr ::= propExpr ONLYSOME_OPERATOR LSQUAREBRACKET list * RSQUAREBRACKET

                RSQUAREBRACKET shift  30

State 21:
          classExpr ::= propExpr MAX_OPERATOR * NUMERIC

                       NUMERIC shift  27

State 22:
          classExpr ::= propExpr EXACTLY_OPERATOR * NUMERIC

                       NUMERIC shift  29

State 23:
          classExpr ::= propExpr SOME_OPERATOR LSQUAREBRACKET list * RSQUAREBRACKET

                RSQUAREBRACKET shift  38

State 24:
          classExpr ::= propExpr MIN_OPERATOR * NUMERIC

                       NUMERIC shift  34

State 25:
          classExpr ::= LBRACE enum * RBRACE

                        RBRACE shift  43

State 26:
          classExpr ::= propExpr ONLYSOME_OPERATOR * LSQUAREBRACKET list RSQUAREBRACKET

                LSQUAREBRACKET shift  1

State 27:
     (12) classExpr ::= propExpr MAX_OPERATOR NUMERIC *

                     {default} reduce 12

State 28:
     (19) instExpr ::= ALPHANUMERIC *

                     {default} reduce 19

State 29:
     (13) classExpr ::= propExpr EXACTLY_OPERATOR NUMERIC *

                     {default} reduce 13

State 30:
      (3) classExpr ::= propExpr ONLYSOME_OPERATOR LSQUAREBRACKET list RSQUAREBRACKET *

                     {default} reduce 3

State 31:
          classExpr ::= classExpr * AND_OPERATOR classExpr
      (6) classExpr ::= classExpr AND_OPERATOR classExpr *
          classExpr ::= classExpr * OR_OPERATOR classExpr

                     {default} reduce 6

State 32:
          classExpr ::= classExpr * AND_OPERATOR classExpr
          classExpr ::= classExpr * OR_OPERATOR classExpr
      (7) classExpr ::= classExpr OR_OPERATOR classExpr *

                     {default} reduce 7

State 33:
     (14) classExpr ::= propExpr VALUE_OPERATOR instExpr *

                     {default} reduce 14

State 34:
     (11) classExpr ::= propExpr MIN_OPERATOR NUMERIC *

                     {default} reduce 11

State 35:
          classExpr ::= classExpr * AND_OPERATOR classExpr
          classExpr ::= classExpr * OR_OPERATOR classExpr
      (9) classExpr ::= NOT_OPERATOR classExpr *

                     {default} reduce 9

State 36:
     (17) enum ::= instExpr enum *

                     {default} reduce 17

State 37:
          classExpr ::= classExpr * AND_OPERATOR classExpr
          classExpr ::= classExpr * OR_OPERATOR classExpr
      (8) classExpr ::= propExpr SOME_OPERATOR classExpr *

                     {default} reduce 8

State 38:
      (4) classExpr ::= propExpr SOME_OPERATOR LSQUAREBRACKET list RSQUAREBRACKET *

                     {default} reduce 4

State 39:
      (1) classExpr ::= LPAREN classExpr RPAREN *

                     {default} reduce 1

State 40:
     (20) list ::= classExpr COMMA list *

                     {default} reduce 20

State 41:
     (10) classExpr ::= propExpr ONLY_OPERATOR instExpr *

                     {default} reduce 10

State 42:
      (5) classExpr ::= propExpr ONLY_OPERATOR LSQUAREBRACKET list RSQUAREBRACKET *

                     {default} reduce 5

State 43:
      (2) classExpr ::= LBRACE enum RBRACE *

                     {default} reduce 2

